2018-01-11 17:09:19.306 [main] INFO  o.s.b.t.context.SpringBootTestContextBootstrapper:	Neither @ContextConfiguration nor @ContextHierarchy found for test class [com.ec.ddossvr.DdossvrApplicationTests], using SpringBootContextLoader
2018-01-11 17:09:19.311 [main] INFO  o.s.test.context.support.AbstractContextLoader:	Could not detect default resource locations for test class [com.ec.ddossvr.DdossvrApplicationTests]: no resource found for suffixes {-context.xml, Context.groovy}.
2018-01-11 17:09:19.312 [main] INFO  o.s.t.c.support.AnnotationConfigContextLoaderUtils:	Could not detect default configuration classes for test class [com.ec.ddossvr.DdossvrApplicationTests]: DdossvrApplicationTests does not declare any static, non-private, non-final, nested classes annotated with @Configuration.
2018-01-11 17:09:19.425 [main] INFO  o.s.b.t.context.SpringBootTestContextBootstrapper:	Found @SpringBootConfiguration com.ec.ddossvr.DdossvrApplication for test class com.ec.ddossvr.DdossvrApplicationTests
2018-01-11 17:09:19.432 [main] INFO  o.s.b.t.context.SpringBootTestContextBootstrapper:	Loaded default TestExecutionListener class names from location [META-INF/spring.factories]: [org.springframework.boot.test.mock.mockito.MockitoTestExecutionListener, org.springframework.boot.test.mock.mockito.ResetMocksTestExecutionListener, org.springframework.boot.test.autoconfigure.restdocs.RestDocsTestExecutionListener, org.springframework.boot.test.autoconfigure.web.client.MockRestServiceServerResetTestExecutionListener, org.springframework.boot.test.autoconfigure.web.servlet.MockMvcPrintOnlyOnFailureTestExecutionListener, org.springframework.boot.test.autoconfigure.web.servlet.WebDriverTestExecutionListener, org.springframework.test.context.web.ServletTestExecutionListener, org.springframework.test.context.support.DirtiesContextBeforeModesTestExecutionListener, org.springframework.test.context.support.DependencyInjectionTestExecutionListener, org.springframework.test.context.support.DirtiesContextTestExecutionListener, org.springframework.test.context.transaction.TransactionalTestExecutionListener, org.springframework.test.context.jdbc.SqlScriptsTestExecutionListener]
2018-01-11 17:09:19.443 [main] INFO  o.s.b.t.context.SpringBootTestContextBootstrapper:	Could not instantiate TestExecutionListener [org.springframework.test.context.transaction.TransactionalTestExecutionListener]. Specify custom listener classes or make the default listener classes (and their required dependencies) available. Offending class: [org/springframework/transaction/interceptor/TransactionAttributeSource]
2018-01-11 17:09:19.444 [main] INFO  o.s.b.t.context.SpringBootTestContextBootstrapper:	Could not instantiate TestExecutionListener [org.springframework.test.context.jdbc.SqlScriptsTestExecutionListener]. Specify custom listener classes or make the default listener classes (and their required dependencies) available. Offending class: [org/springframework/transaction/interceptor/TransactionAttribute]
2018-01-11 17:09:19.457 [main] INFO  o.s.b.t.context.SpringBootTestContextBootstrapper:	Using TestExecutionListeners: [org.springframework.test.context.web.ServletTestExecutionListener@56de5251, org.springframework.test.context.support.DirtiesContextBeforeModesTestExecutionListener@419c5f1a, org.springframework.boot.test.autoconfigure.SpringBootDependencyInjectionTestExecutionListener@12b0404f, org.springframework.test.context.support.DirtiesContextTestExecutionListener@769e7ee8, org.springframework.boot.test.mock.mockito.ResetMocksTestExecutionListener@5276e6b0, org.springframework.boot.test.mock.mockito.MockitoTestExecutionListener@71b1176b, org.springframework.boot.test.autoconfigure.web.servlet.MockMvcPrintOnlyOnFailureTestExecutionListener@6193932a, org.springframework.boot.test.autoconfigure.restdocs.RestDocsTestExecutionListener@647fd8ce, org.springframework.boot.test.autoconfigure.web.client.MockRestServiceServerResetTestExecutionListener@159f197, org.springframework.boot.test.autoconfigure.web.servlet.WebDriverTestExecutionListener@78aab498]
2018-01-11 17:09:19.462 [main] INFO  o.s.b.t.context.SpringBootTestContextBootstrapper:	Neither @ContextConfiguration nor @ContextHierarchy found for test class [com.ec.ddossvr.DdossvrApplicationTests], using SpringBootContextLoader
2018-01-11 17:09:19.462 [main] INFO  o.s.test.context.support.AbstractContextLoader:	Could not detect default resource locations for test class [com.ec.ddossvr.DdossvrApplicationTests]: no resource found for suffixes {-context.xml, Context.groovy}.
2018-01-11 17:09:19.463 [main] INFO  o.s.t.c.support.AnnotationConfigContextLoaderUtils:	Could not detect default configuration classes for test class [com.ec.ddossvr.DdossvrApplicationTests]: DdossvrApplicationTests does not declare any static, non-private, non-final, nested classes annotated with @Configuration.
2018-01-11 17:09:19.467 [main] INFO  o.s.b.t.context.SpringBootTestContextBootstrapper:	Found @SpringBootConfiguration com.ec.ddossvr.DdossvrApplication for test class com.ec.ddossvr.DdossvrApplicationTests
2018-01-11 17:09:19.472 [main] INFO  o.s.b.t.context.SpringBootTestContextBootstrapper:	Loaded default TestExecutionListener class names from location [META-INF/spring.factories]: [org.springframework.boot.test.mock.mockito.MockitoTestExecutionListener, org.springframework.boot.test.mock.mockito.ResetMocksTestExecutionListener, org.springframework.boot.test.autoconfigure.restdocs.RestDocsTestExecutionListener, org.springframework.boot.test.autoconfigure.web.client.MockRestServiceServerResetTestExecutionListener, org.springframework.boot.test.autoconfigure.web.servlet.MockMvcPrintOnlyOnFailureTestExecutionListener, org.springframework.boot.test.autoconfigure.web.servlet.WebDriverTestExecutionListener, org.springframework.test.context.web.ServletTestExecutionListener, org.springframework.test.context.support.DirtiesContextBeforeModesTestExecutionListener, org.springframework.test.context.support.DependencyInjectionTestExecutionListener, org.springframework.test.context.support.DirtiesContextTestExecutionListener, org.springframework.test.context.transaction.TransactionalTestExecutionListener, org.springframework.test.context.jdbc.SqlScriptsTestExecutionListener]
2018-01-11 17:09:19.475 [main] INFO  o.s.b.t.context.SpringBootTestContextBootstrapper:	Could not instantiate TestExecutionListener [org.springframework.test.context.transaction.TransactionalTestExecutionListener]. Specify custom listener classes or make the default listener classes (and their required dependencies) available. Offending class: [org/springframework/transaction/interceptor/TransactionAttributeSource]
2018-01-11 17:09:19.476 [main] INFO  o.s.b.t.context.SpringBootTestContextBootstrapper:	Could not instantiate TestExecutionListener [org.springframework.test.context.jdbc.SqlScriptsTestExecutionListener]. Specify custom listener classes or make the default listener classes (and their required dependencies) available. Offending class: [org/springframework/transaction/interceptor/TransactionAttribute]
2018-01-11 17:09:19.476 [main] INFO  o.s.b.t.context.SpringBootTestContextBootstrapper:	Using TestExecutionListeners: [org.springframework.test.context.web.ServletTestExecutionListener@49d904ec, org.springframework.test.context.support.DirtiesContextBeforeModesTestExecutionListener@48e4374, org.springframework.boot.test.autoconfigure.SpringBootDependencyInjectionTestExecutionListener@3d680b5a, org.springframework.test.context.support.DirtiesContextTestExecutionListener@4b5d6a01, org.springframework.boot.test.mock.mockito.ResetMocksTestExecutionListener@4a22f9e2, org.springframework.boot.test.mock.mockito.MockitoTestExecutionListener@3c419631, org.springframework.boot.test.autoconfigure.web.servlet.MockMvcPrintOnlyOnFailureTestExecutionListener@418e7838, org.springframework.boot.test.autoconfigure.restdocs.RestDocsTestExecutionListener@61230f6a, org.springframework.boot.test.autoconfigure.web.client.MockRestServiceServerResetTestExecutionListener@3c130745, org.springframework.boot.test.autoconfigure.web.servlet.WebDriverTestExecutionListener@cd3fee8]
2018-01-11 17:09:19.749 [main] INFO  com.ec.ddossvr.DdossvrApplicationTests:	Starting DdossvrApplicationTests on winall-PC with PID 10764 (started by winall in D:\MyPT\ecsharp\ddossvr)
2018-01-11 17:09:19.749 [main] INFO  com.ec.ddossvr.DdossvrApplicationTests:	No active profile set, falling back to default profiles: default
2018-01-11 17:09:19.782 [main] INFO  o.s.w.context.support.GenericWebApplicationContext:	Refreshing org.springframework.web.context.support.GenericWebApplicationContext@58d75e99: startup date [Thu Jan 11 17:09:19 CST 2018]; root of context hierarchy
2018-01-11 17:09:20.059 [background-preinit] INFO  org.hibernate.validator.internal.util.Version:	HV000001: Hibernate Validator 5.3.6.Final
2018-01-11 17:09:20.712 [main] WARN  o.s.w.context.support.GenericWebApplicationContext:	Exception encountered during context initialization - cancelling refresh attempt: org.springframework.beans.factory.BeanCreationException: Error creating bean with name 'org.springframework.aop.config.internalAutoProxyCreator': Initialization of bean failed; nested exception is java.lang.NoClassDefFoundError: org/aspectj/lang/annotation/Around
2018-01-11 17:09:20.719 [main] INFO  o.s.b.a.l.AutoConfigurationReportLoggingInitializer:	

Error starting ApplicationContext. To display the auto-configuration report re-run your application with 'debug' enabled.
2018-01-11 17:11:14.054 [main] INFO  o.s.b.t.context.SpringBootTestContextBootstrapper:	Neither @ContextConfiguration nor @ContextHierarchy found for test class [com.ec.ddossvr.DdossvrApplicationTests], using SpringBootContextLoader
2018-01-11 17:11:14.059 [main] INFO  o.s.test.context.support.AbstractContextLoader:	Could not detect default resource locations for test class [com.ec.ddossvr.DdossvrApplicationTests]: no resource found for suffixes {-context.xml, Context.groovy}.
2018-01-11 17:11:14.060 [main] INFO  o.s.t.c.support.AnnotationConfigContextLoaderUtils:	Could not detect default configuration classes for test class [com.ec.ddossvr.DdossvrApplicationTests]: DdossvrApplicationTests does not declare any static, non-private, non-final, nested classes annotated with @Configuration.
2018-01-11 17:11:14.145 [main] INFO  o.s.b.t.context.SpringBootTestContextBootstrapper:	Found @SpringBootConfiguration com.ec.ddossvr.DdossvrApplication for test class com.ec.ddossvr.DdossvrApplicationTests
2018-01-11 17:11:14.150 [main] INFO  o.s.b.t.context.SpringBootTestContextBootstrapper:	Loaded default TestExecutionListener class names from location [META-INF/spring.factories]: [org.springframework.boot.test.mock.mockito.MockitoTestExecutionListener, org.springframework.boot.test.mock.mockito.ResetMocksTestExecutionListener, org.springframework.boot.test.autoconfigure.restdocs.RestDocsTestExecutionListener, org.springframework.boot.test.autoconfigure.web.client.MockRestServiceServerResetTestExecutionListener, org.springframework.boot.test.autoconfigure.web.servlet.MockMvcPrintOnlyOnFailureTestExecutionListener, org.springframework.boot.test.autoconfigure.web.servlet.WebDriverTestExecutionListener, org.springframework.test.context.web.ServletTestExecutionListener, org.springframework.test.context.support.DirtiesContextBeforeModesTestExecutionListener, org.springframework.test.context.support.DependencyInjectionTestExecutionListener, org.springframework.test.context.support.DirtiesContextTestExecutionListener, org.springframework.test.context.transaction.TransactionalTestExecutionListener, org.springframework.test.context.jdbc.SqlScriptsTestExecutionListener]
2018-01-11 17:11:14.157 [main] INFO  o.s.b.t.context.SpringBootTestContextBootstrapper:	Could not instantiate TestExecutionListener [org.springframework.test.context.jdbc.SqlScriptsTestExecutionListener]. Specify custom listener classes or make the default listener classes (and their required dependencies) available. Offending class: [org/springframework/transaction/interceptor/TransactionAttribute]
2018-01-11 17:11:14.160 [main] INFO  o.s.b.t.context.SpringBootTestContextBootstrapper:	Could not instantiate TestExecutionListener [org.springframework.test.context.transaction.TransactionalTestExecutionListener]. Specify custom listener classes or make the default listener classes (and their required dependencies) available. Offending class: [org/springframework/transaction/interceptor/TransactionAttributeSource]
2018-01-11 17:11:14.160 [main] INFO  o.s.b.t.context.SpringBootTestContextBootstrapper:	Using TestExecutionListeners: [org.springframework.test.context.web.ServletTestExecutionListener@43301423, org.springframework.test.context.support.DirtiesContextBeforeModesTestExecutionListener@2f112965, org.springframework.boot.test.autoconfigure.SpringBootDependencyInjectionTestExecutionListener@1a04f701, org.springframework.test.context.support.DirtiesContextTestExecutionListener@4e91d63f, org.springframework.boot.test.mock.mockito.MockitoTestExecutionListener@d4342c2, org.springframework.boot.test.autoconfigure.web.servlet.MockMvcPrintOnlyOnFailureTestExecutionListener@2bbf180e, org.springframework.boot.test.autoconfigure.web.client.MockRestServiceServerResetTestExecutionListener@163e4e87, org.springframework.boot.test.autoconfigure.restdocs.RestDocsTestExecutionListener@56de5251, org.springframework.boot.test.autoconfigure.web.servlet.WebDriverTestExecutionListener@419c5f1a, org.springframework.boot.test.mock.mockito.ResetMocksTestExecutionListener@12b0404f]
2018-01-11 17:11:14.165 [main] INFO  o.s.b.t.context.SpringBootTestContextBootstrapper:	Neither @ContextConfiguration nor @ContextHierarchy found for test class [com.ec.ddossvr.DdossvrApplicationTests], using SpringBootContextLoader
2018-01-11 17:11:14.166 [main] INFO  o.s.test.context.support.AbstractContextLoader:	Could not detect default resource locations for test class [com.ec.ddossvr.DdossvrApplicationTests]: no resource found for suffixes {-context.xml, Context.groovy}.
2018-01-11 17:11:14.166 [main] INFO  o.s.t.c.support.AnnotationConfigContextLoaderUtils:	Could not detect default configuration classes for test class [com.ec.ddossvr.DdossvrApplicationTests]: DdossvrApplicationTests does not declare any static, non-private, non-final, nested classes annotated with @Configuration.
2018-01-11 17:11:14.169 [main] INFO  o.s.b.t.context.SpringBootTestContextBootstrapper:	Found @SpringBootConfiguration com.ec.ddossvr.DdossvrApplication for test class com.ec.ddossvr.DdossvrApplicationTests
2018-01-11 17:11:14.173 [main] INFO  o.s.b.t.context.SpringBootTestContextBootstrapper:	Loaded default TestExecutionListener class names from location [META-INF/spring.factories]: [org.springframework.boot.test.mock.mockito.MockitoTestExecutionListener, org.springframework.boot.test.mock.mockito.ResetMocksTestExecutionListener, org.springframework.boot.test.autoconfigure.restdocs.RestDocsTestExecutionListener, org.springframework.boot.test.autoconfigure.web.client.MockRestServiceServerResetTestExecutionListener, org.springframework.boot.test.autoconfigure.web.servlet.MockMvcPrintOnlyOnFailureTestExecutionListener, org.springframework.boot.test.autoconfigure.web.servlet.WebDriverTestExecutionListener, org.springframework.test.context.web.ServletTestExecutionListener, org.springframework.test.context.support.DirtiesContextBeforeModesTestExecutionListener, org.springframework.test.context.support.DependencyInjectionTestExecutionListener, org.springframework.test.context.support.DirtiesContextTestExecutionListener, org.springframework.test.context.transaction.TransactionalTestExecutionListener, org.springframework.test.context.jdbc.SqlScriptsTestExecutionListener]
2018-01-11 17:11:14.176 [main] INFO  o.s.b.t.context.SpringBootTestContextBootstrapper:	Could not instantiate TestExecutionListener [org.springframework.test.context.jdbc.SqlScriptsTestExecutionListener]. Specify custom listener classes or make the default listener classes (and their required dependencies) available. Offending class: [org/springframework/transaction/interceptor/TransactionAttribute]
2018-01-11 17:11:14.176 [main] INFO  o.s.b.t.context.SpringBootTestContextBootstrapper:	Could not instantiate TestExecutionListener [org.springframework.test.context.transaction.TransactionalTestExecutionListener]. Specify custom listener classes or make the default listener classes (and their required dependencies) available. Offending class: [org/springframework/transaction/interceptor/TransactionAttributeSource]
2018-01-11 17:11:14.177 [main] INFO  o.s.b.t.context.SpringBootTestContextBootstrapper:	Using TestExecutionListeners: [org.springframework.test.context.web.ServletTestExecutionListener@49b0b76, org.springframework.test.context.support.DirtiesContextBeforeModesTestExecutionListener@769f71a9, org.springframework.boot.test.autoconfigure.SpringBootDependencyInjectionTestExecutionListener@4c9f8c13, org.springframework.test.context.support.DirtiesContextTestExecutionListener@5ae50ce6, org.springframework.boot.test.mock.mockito.MockitoTestExecutionListener@6f96c77, org.springframework.boot.test.autoconfigure.web.servlet.MockMvcPrintOnlyOnFailureTestExecutionListener@be64738, org.springframework.boot.test.autoconfigure.web.client.MockRestServiceServerResetTestExecutionListener@3ba9ad43, org.springframework.boot.test.autoconfigure.restdocs.RestDocsTestExecutionListener@49d904ec, org.springframework.boot.test.autoconfigure.web.servlet.WebDriverTestExecutionListener@48e4374, org.springframework.boot.test.mock.mockito.ResetMocksTestExecutionListener@3d680b5a]
2018-01-11 17:11:14.410 [main] INFO  com.ec.ddossvr.DdossvrApplicationTests:	Starting DdossvrApplicationTests on winall-PC with PID 4148 (started by winall in D:\MyPT\ecsharp\ddossvr)
2018-01-11 17:11:14.411 [main] INFO  com.ec.ddossvr.DdossvrApplicationTests:	No active profile set, falling back to default profiles: default
2018-01-11 17:11:14.438 [main] INFO  o.s.w.context.support.GenericWebApplicationContext:	Refreshing org.springframework.web.context.support.GenericWebApplicationContext@f5acb9d: startup date [Thu Jan 11 17:11:14 CST 2018]; root of context hierarchy
2018-01-11 17:11:14.649 [background-preinit] INFO  org.hibernate.validator.internal.util.Version:	HV000001: Hibernate Validator 5.3.6.Final
2018-01-11 17:11:15.271 [main] INFO  com.ec.common.service.QueueService:	Initializing ExecutorService:cli-queue
2018-01-11 17:11:15.272 [main] INFO  com.ec.common.service.QueueService:	Initializing Thread:cli-queue-1,Priority:10
2018-01-11 17:12:38.360 [main] INFO  com.ec.ddossvr.DdossvrApplication:	Starting DdossvrApplication on winall-PC with PID 7544 (D:\MyPT\ecsharp\ddossvr\target\classes started by winall in D:\MyPT\ecsharp\ddossvr)
2018-01-11 17:12:38.362 [main] INFO  com.ec.ddossvr.DdossvrApplication:	No active profile set, falling back to default profiles: default
2018-01-11 17:12:38.396 [main] INFO  o.s.b.c.e.AnnotationConfigEmbeddedWebApplicationContext:	Refreshing org.springframework.boot.context.embedded.AnnotationConfigEmbeddedWebApplicationContext@1fa121e2: startup date [Thu Jan 11 17:12:38 CST 2018]; root of context hierarchy
2018-01-11 17:12:38.556 [background-preinit] INFO  org.hibernate.validator.internal.util.Version:	HV000001: Hibernate Validator 5.3.6.Final
2018-01-11 17:12:39.601 [main] INFO  o.s.b.c.e.tomcat.TomcatEmbeddedServletContainer:	Tomcat initialized with port(s): 555 (http)
2018-01-11 17:12:39.614 [main] INFO  org.apache.catalina.core.StandardService:	Starting service [Tomcat]
2018-01-11 17:12:39.616 [main] INFO  org.apache.catalina.core.StandardEngine:	Starting Servlet Engine: Apache Tomcat/8.5.23
2018-01-11 17:12:39.738 [localhost-startStop-1] INFO  o.a.c.c.C.[Tomcat].[localhost].[/ddossvr]:	Initializing Spring embedded WebApplicationContext
2018-01-11 17:12:39.739 [localhost-startStop-1] INFO  org.springframework.web.context.ContextLoader:	Root WebApplicationContext: initialization completed in 1343 ms
2018-01-11 17:12:39.908 [localhost-startStop-1] INFO  o.s.boot.web.servlet.ServletRegistrationBean:	Mapping servlet: 'dispatcherServlet' to [/]
2018-01-11 17:12:39.913 [localhost-startStop-1] INFO  o.s.boot.web.servlet.FilterRegistrationBean:	Mapping filter: 'metricsFilter' to: [/*]
2018-01-11 17:12:39.914 [localhost-startStop-1] INFO  o.s.boot.web.servlet.FilterRegistrationBean:	Mapping filter: 'characterEncodingFilter' to: [/*]
2018-01-11 17:12:39.914 [localhost-startStop-1] INFO  o.s.boot.web.servlet.FilterRegistrationBean:	Mapping filter: 'webRequestLoggingFilter' to: [/*]
2018-01-11 17:12:39.914 [localhost-startStop-1] INFO  o.s.boot.web.servlet.FilterRegistrationBean:	Mapping filter: 'applicationContextIdFilter' to: [/*]
2018-01-11 17:12:39.964 [main] INFO  com.ec.common.service.QueueService:	Initializing ExecutorService:cli-queue
2018-01-11 17:12:39.965 [main] INFO  com.ec.common.service.QueueService:	Initializing Thread:cli-queue-1,Priority:10
2018-01-11 17:12:39.972 [main] WARN  o.s.b.c.e.AnnotationConfigEmbeddedWebApplicationContext:	Exception encountered during context initialization - cancelling refresh attempt: org.springframework.beans.factory.UnsatisfiedDependencyException: Error creating bean with name 'ddossvrApplication': Unsatisfied dependency expressed through field 'ddosSvr'; nested exception is org.springframework.beans.factory.BeanCreationException: Error creating bean with name 'ddosSvr' defined in com.ec.ddossvr.DdossvrApplication: Bean instantiation via factory method failed; nested exception is org.springframework.beans.BeanInstantiationException: Failed to instantiate [java.net.ServerSocket]: Circular reference involving containing bean 'ddossvrApplication' - consider declaring the factory method as static for independence from its containing instance. Factory method 'ddoSsvr' threw exception; nested exception is java.net.BindException: Address already in use: JVM_Bind
2018-01-11 17:12:39.972 [main] INFO  com.ec.common.service.QueueService:	Destroy ExecutorService:cli-queue
2018-01-11 17:12:39.973 [main] INFO  org.apache.catalina.core.StandardService:	Stopping service [Tomcat]
2018-01-11 17:12:40.006 [main] INFO  o.s.b.a.l.AutoConfigurationReportLoggingInitializer:	

Error starting ApplicationContext. To display the auto-configuration report re-run your application with 'debug' enabled.
2018-01-11 17:12:40.011 [main] ERROR org.springframework.boot.SpringApplication:	Application startup failed
org.springframework.beans.factory.UnsatisfiedDependencyException: Error creating bean with name 'ddossvrApplication': Unsatisfied dependency expressed through field 'ddosSvr'; nested exception is org.springframework.beans.factory.BeanCreationException: Error creating bean with name 'ddosSvr' defined in com.ec.ddossvr.DdossvrApplication: Bean instantiation via factory method failed; nested exception is org.springframework.beans.BeanInstantiationException: Failed to instantiate [java.net.ServerSocket]: Circular reference involving containing bean 'ddossvrApplication' - consider declaring the factory method as static for independence from its containing instance. Factory method 'ddoSsvr' threw exception; nested exception is java.net.BindException: Address already in use: JVM_Bind
	at org.springframework.beans.factory.annotation.AutowiredAnnotationBeanPostProcessor$AutowiredFieldElement.inject(AutowiredAnnotationBeanPostProcessor.java:588)
	at org.springframework.beans.factory.annotation.InjectionMetadata.inject(InjectionMetadata.java:88)
	at org.springframework.beans.factory.annotation.AutowiredAnnotationBeanPostProcessor.postProcessPropertyValues(AutowiredAnnotationBeanPostProcessor.java:366)
	at org.springframework.beans.factory.support.AbstractAutowireCapableBeanFactory.populateBean(AbstractAutowireCapableBeanFactory.java:1264)
	at org.springframework.beans.factory.support.AbstractAutowireCapableBeanFactory.doCreateBean(AbstractAutowireCapableBeanFactory.java:553)
	at org.springframework.beans.factory.support.AbstractAutowireCapableBeanFactory.createBean(AbstractAutowireCapableBeanFactory.java:483)
	at org.springframework.beans.factory.support.AbstractBeanFactory$1.getObject(AbstractBeanFactory.java:306)
	at org.springframework.beans.factory.support.DefaultSingletonBeanRegistry.getSingleton(DefaultSingletonBeanRegistry.java:230)
	at org.springframework.beans.factory.support.AbstractBeanFactory.doGetBean(AbstractBeanFactory.java:302)
	at org.springframework.beans.factory.support.AbstractBeanFactory.getBean(AbstractBeanFactory.java:197)
	at org.springframework.beans.factory.support.DefaultListableBeanFactory.preInstantiateSingletons(DefaultListableBeanFactory.java:761)
	at org.springframework.context.support.AbstractApplicationContext.finishBeanFactoryInitialization(AbstractApplicationContext.java:867)
	at org.springframework.context.support.AbstractApplicationContext.refresh(AbstractApplicationContext.java:543)
	at org.springframework.boot.context.embedded.EmbeddedWebApplicationContext.refresh(EmbeddedWebApplicationContext.java:122)
	at org.springframework.boot.SpringApplication.refresh(SpringApplication.java:693)
	at org.springframework.boot.SpringApplication.refreshContext(SpringApplication.java:360)
	at org.springframework.boot.SpringApplication.run(SpringApplication.java:303)
	at org.springframework.boot.SpringApplication.run(SpringApplication.java:1118)
	at org.springframework.boot.SpringApplication.run(SpringApplication.java:1107)
	at com.ec.ddossvr.DdossvrApplication.main(DdossvrApplication.java:115)
Caused by: org.springframework.beans.factory.BeanCreationException: Error creating bean with name 'ddosSvr' defined in com.ec.ddossvr.DdossvrApplication: Bean instantiation via factory method failed; nested exception is org.springframework.beans.BeanInstantiationException: Failed to instantiate [java.net.ServerSocket]: Circular reference involving containing bean 'ddossvrApplication' - consider declaring the factory method as static for independence from its containing instance. Factory method 'ddoSsvr' threw exception; nested exception is java.net.BindException: Address already in use: JVM_Bind
	at org.springframework.beans.factory.support.ConstructorResolver.instantiateUsingFactoryMethod(ConstructorResolver.java:599)
	at org.springframework.beans.factory.support.AbstractAutowireCapableBeanFactory.instantiateUsingFactoryMethod(AbstractAutowireCapableBeanFactory.java:1173)
	at org.springframework.beans.factory.support.AbstractAutowireCapableBeanFactory.createBeanInstance(AbstractAutowireCapableBeanFactory.java:1067)
	at org.springframework.beans.factory.support.AbstractAutowireCapableBeanFactory.doCreateBean(AbstractAutowireCapableBeanFactory.java:513)
	at org.springframework.beans.factory.support.AbstractAutowireCapableBeanFactory.createBean(AbstractAutowireCapableBeanFactory.java:483)
	at org.springframework.beans.factory.support.AbstractBeanFactory$1.getObject(AbstractBeanFactory.java:306)
	at org.springframework.beans.factory.support.DefaultSingletonBeanRegistry.getSingleton(DefaultSingletonBeanRegistry.java:230)
	at org.springframework.beans.factory.support.AbstractBeanFactory.doGetBean(AbstractBeanFactory.java:302)
	at org.springframework.beans.factory.support.AbstractBeanFactory.getBean(AbstractBeanFactory.java:202)
	at org.springframework.beans.factory.config.DependencyDescriptor.resolveCandidate(DependencyDescriptor.java:208)
	at org.springframework.beans.factory.support.DefaultListableBeanFactory.doResolveDependency(DefaultListableBeanFactory.java:1138)
	at org.springframework.beans.factory.support.DefaultListableBeanFactory.resolveDependency(DefaultListableBeanFactory.java:1066)
	at org.springframework.beans.factory.annotation.AutowiredAnnotationBeanPostProcessor$AutowiredFieldElement.inject(AutowiredAnnotationBeanPostProcessor.java:585)
	... 19 common frames omitted
Caused by: org.springframework.beans.BeanInstantiationException: Failed to instantiate [java.net.ServerSocket]: Circular reference involving containing bean 'ddossvrApplication' - consider declaring the factory method as static for independence from its containing instance. Factory method 'ddoSsvr' threw exception; nested exception is java.net.BindException: Address already in use: JVM_Bind
	at org.springframework.beans.factory.support.SimpleInstantiationStrategy.instantiate(SimpleInstantiationStrategy.java:189)
	at org.springframework.beans.factory.support.ConstructorResolver.instantiateUsingFactoryMethod(ConstructorResolver.java:588)
	... 31 common frames omitted
Caused by: java.net.BindException: Address already in use: JVM_Bind
	at java.net.DualStackPlainSocketImpl.bind0(Native Method)
	at java.net.DualStackPlainSocketImpl.socketBind(DualStackPlainSocketImpl.java:106)
	at java.net.AbstractPlainSocketImpl.bind(AbstractPlainSocketImpl.java:387)
	at java.net.PlainSocketImpl.bind(PlainSocketImpl.java:190)
	at java.net.ServerSocket.bind(ServerSocket.java:375)
	at java.net.ServerSocket.<init>(ServerSocket.java:237)
	at java.net.ServerSocket.<init>(ServerSocket.java:128)
	at com.ec.ddossvr.DdossvrApplication.ddoSsvr(DdossvrApplication.java:68)
	at com.ec.ddossvr.DdossvrApplication$$EnhancerBySpringCGLIB$$c536eb6b.CGLIB$ddoSsvr$0(<generated>)
	at com.ec.ddossvr.DdossvrApplication$$EnhancerBySpringCGLIB$$c536eb6b$$FastClassBySpringCGLIB$$92215ac.invoke(<generated>)
	at org.springframework.cglib.proxy.MethodProxy.invokeSuper(MethodProxy.java:228)
	at org.springframework.context.annotation.ConfigurationClassEnhancer$BeanMethodInterceptor.intercept(ConfigurationClassEnhancer.java:358)
	at com.ec.ddossvr.DdossvrApplication$$EnhancerBySpringCGLIB$$c536eb6b.ddoSsvr(<generated>)
	at sun.reflect.NativeMethodAccessorImpl.invoke0(Native Method)
	at sun.reflect.NativeMethodAccessorImpl.invoke(NativeMethodAccessorImpl.java:62)
	at sun.reflect.DelegatingMethodAccessorImpl.invoke(DelegatingMethodAccessorImpl.java:43)
	at java.lang.reflect.Method.invoke(Method.java:498)
	at org.springframework.beans.factory.support.SimpleInstantiationStrategy.instantiate(SimpleInstantiationStrategy.java:162)
	... 32 common frames omitted
2018-01-11 17:12:53.533 [main] INFO  com.ec.ddossvr.DdossvrApplication:	Starting DdossvrApplication on winall-PC with PID 9716 (D:\MyPT\ecsharp\ddossvr\target\classes started by winall in D:\MyPT\ecsharp\ddossvr)
2018-01-11 17:12:53.535 [main] INFO  com.ec.ddossvr.DdossvrApplication:	No active profile set, falling back to default profiles: default
2018-01-11 17:12:53.597 [main] INFO  o.s.b.c.e.AnnotationConfigEmbeddedWebApplicationContext:	Refreshing org.springframework.boot.context.embedded.AnnotationConfigEmbeddedWebApplicationContext@1fa121e2: startup date [Thu Jan 11 17:12:53 CST 2018]; root of context hierarchy
2018-01-11 17:12:53.661 [background-preinit] INFO  org.hibernate.validator.internal.util.Version:	HV000001: Hibernate Validator 5.3.6.Final
2018-01-11 17:12:54.632 [main] INFO  o.s.b.c.e.tomcat.TomcatEmbeddedServletContainer:	Tomcat initialized with port(s): 555 (http)
2018-01-11 17:12:54.646 [main] INFO  org.apache.catalina.core.StandardService:	Starting service [Tomcat]
2018-01-11 17:12:54.647 [main] INFO  org.apache.catalina.core.StandardEngine:	Starting Servlet Engine: Apache Tomcat/8.5.23
2018-01-11 17:12:54.723 [localhost-startStop-1] INFO  o.a.c.c.C.[Tomcat].[localhost].[/ddossvr]:	Initializing Spring embedded WebApplicationContext
2018-01-11 17:12:54.723 [localhost-startStop-1] INFO  org.springframework.web.context.ContextLoader:	Root WebApplicationContext: initialization completed in 1126 ms
2018-01-11 17:12:54.869 [localhost-startStop-1] INFO  o.s.boot.web.servlet.ServletRegistrationBean:	Mapping servlet: 'dispatcherServlet' to [/]
2018-01-11 17:12:54.872 [localhost-startStop-1] INFO  o.s.boot.web.servlet.FilterRegistrationBean:	Mapping filter: 'metricsFilter' to: [/*]
2018-01-11 17:12:54.872 [localhost-startStop-1] INFO  o.s.boot.web.servlet.FilterRegistrationBean:	Mapping filter: 'characterEncodingFilter' to: [/*]
2018-01-11 17:12:54.872 [localhost-startStop-1] INFO  o.s.boot.web.servlet.FilterRegistrationBean:	Mapping filter: 'webRequestLoggingFilter' to: [/*]
2018-01-11 17:12:54.872 [localhost-startStop-1] INFO  o.s.boot.web.servlet.FilterRegistrationBean:	Mapping filter: 'applicationContextIdFilter' to: [/*]
2018-01-11 17:12:54.907 [main] INFO  com.ec.common.service.QueueService:	Initializing ExecutorService:cli-queue
2018-01-11 17:12:54.907 [main] INFO  com.ec.common.service.QueueService:	Initializing Thread:cli-queue-1,Priority:10
2018-01-11 17:12:54.914 [main] WARN  o.s.b.c.e.AnnotationConfigEmbeddedWebApplicationContext:	Exception encountered during context initialization - cancelling refresh attempt: org.springframework.beans.factory.UnsatisfiedDependencyException: Error creating bean with name 'ddossvrApplication': Unsatisfied dependency expressed through field 'ddosSvr'; nested exception is org.springframework.beans.factory.BeanCreationException: Error creating bean with name 'ddosSvr' defined in com.ec.ddossvr.DdossvrApplication: Bean instantiation via factory method failed; nested exception is org.springframework.beans.BeanInstantiationException: Failed to instantiate [java.net.ServerSocket]: Circular reference involving containing bean 'ddossvrApplication' - consider declaring the factory method as static for independence from its containing instance. Factory method 'ddoSsvr' threw exception; nested exception is java.net.BindException: Address already in use: JVM_Bind
2018-01-11 17:12:54.914 [main] INFO  com.ec.common.service.QueueService:	Destroy ExecutorService:cli-queue
2018-01-11 17:12:54.915 [main] INFO  org.apache.catalina.core.StandardService:	Stopping service [Tomcat]
2018-01-11 17:12:54.927 [main] INFO  o.s.b.a.l.AutoConfigurationReportLoggingInitializer:	

Error starting ApplicationContext. To display the auto-configuration report re-run your application with 'debug' enabled.
2018-01-11 17:12:54.932 [main] ERROR org.springframework.boot.SpringApplication:	Application startup failed
org.springframework.beans.factory.UnsatisfiedDependencyException: Error creating bean with name 'ddossvrApplication': Unsatisfied dependency expressed through field 'ddosSvr'; nested exception is org.springframework.beans.factory.BeanCreationException: Error creating bean with name 'ddosSvr' defined in com.ec.ddossvr.DdossvrApplication: Bean instantiation via factory method failed; nested exception is org.springframework.beans.BeanInstantiationException: Failed to instantiate [java.net.ServerSocket]: Circular reference involving containing bean 'ddossvrApplication' - consider declaring the factory method as static for independence from its containing instance. Factory method 'ddoSsvr' threw exception; nested exception is java.net.BindException: Address already in use: JVM_Bind
	at org.springframework.beans.factory.annotation.AutowiredAnnotationBeanPostProcessor$AutowiredFieldElement.inject(AutowiredAnnotationBeanPostProcessor.java:588)
	at org.springframework.beans.factory.annotation.InjectionMetadata.inject(InjectionMetadata.java:88)
	at org.springframework.beans.factory.annotation.AutowiredAnnotationBeanPostProcessor.postProcessPropertyValues(AutowiredAnnotationBeanPostProcessor.java:366)
	at org.springframework.beans.factory.support.AbstractAutowireCapableBeanFactory.populateBean(AbstractAutowireCapableBeanFactory.java:1264)
	at org.springframework.beans.factory.support.AbstractAutowireCapableBeanFactory.doCreateBean(AbstractAutowireCapableBeanFactory.java:553)
	at org.springframework.beans.factory.support.AbstractAutowireCapableBeanFactory.createBean(AbstractAutowireCapableBeanFactory.java:483)
	at org.springframework.beans.factory.support.AbstractBeanFactory$1.getObject(AbstractBeanFactory.java:306)
	at org.springframework.beans.factory.support.DefaultSingletonBeanRegistry.getSingleton(DefaultSingletonBeanRegistry.java:230)
	at org.springframework.beans.factory.support.AbstractBeanFactory.doGetBean(AbstractBeanFactory.java:302)
	at org.springframework.beans.factory.support.AbstractBeanFactory.getBean(AbstractBeanFactory.java:197)
	at org.springframework.beans.factory.support.DefaultListableBeanFactory.preInstantiateSingletons(DefaultListableBeanFactory.java:761)
	at org.springframework.context.support.AbstractApplicationContext.finishBeanFactoryInitialization(AbstractApplicationContext.java:867)
	at org.springframework.context.support.AbstractApplicationContext.refresh(AbstractApplicationContext.java:543)
	at org.springframework.boot.context.embedded.EmbeddedWebApplicationContext.refresh(EmbeddedWebApplicationContext.java:122)
	at org.springframework.boot.SpringApplication.refresh(SpringApplication.java:693)
	at org.springframework.boot.SpringApplication.refreshContext(SpringApplication.java:360)
	at org.springframework.boot.SpringApplication.run(SpringApplication.java:303)
	at org.springframework.boot.SpringApplication.run(SpringApplication.java:1118)
	at org.springframework.boot.SpringApplication.run(SpringApplication.java:1107)
	at com.ec.ddossvr.DdossvrApplication.main(DdossvrApplication.java:115)
Caused by: org.springframework.beans.factory.BeanCreationException: Error creating bean with name 'ddosSvr' defined in com.ec.ddossvr.DdossvrApplication: Bean instantiation via factory method failed; nested exception is org.springframework.beans.BeanInstantiationException: Failed to instantiate [java.net.ServerSocket]: Circular reference involving containing bean 'ddossvrApplication' - consider declaring the factory method as static for independence from its containing instance. Factory method 'ddoSsvr' threw exception; nested exception is java.net.BindException: Address already in use: JVM_Bind
	at org.springframework.beans.factory.support.ConstructorResolver.instantiateUsingFactoryMethod(ConstructorResolver.java:599)
	at org.springframework.beans.factory.support.AbstractAutowireCapableBeanFactory.instantiateUsingFactoryMethod(AbstractAutowireCapableBeanFactory.java:1173)
	at org.springframework.beans.factory.support.AbstractAutowireCapableBeanFactory.createBeanInstance(AbstractAutowireCapableBeanFactory.java:1067)
	at org.springframework.beans.factory.support.AbstractAutowireCapableBeanFactory.doCreateBean(AbstractAutowireCapableBeanFactory.java:513)
	at org.springframework.beans.factory.support.AbstractAutowireCapableBeanFactory.createBean(AbstractAutowireCapableBeanFactory.java:483)
	at org.springframework.beans.factory.support.AbstractBeanFactory$1.getObject(AbstractBeanFactory.java:306)
	at org.springframework.beans.factory.support.DefaultSingletonBeanRegistry.getSingleton(DefaultSingletonBeanRegistry.java:230)
	at org.springframework.beans.factory.support.AbstractBeanFactory.doGetBean(AbstractBeanFactory.java:302)
	at org.springframework.beans.factory.support.AbstractBeanFactory.getBean(AbstractBeanFactory.java:202)
	at org.springframework.beans.factory.config.DependencyDescriptor.resolveCandidate(DependencyDescriptor.java:208)
	at org.springframework.beans.factory.support.DefaultListableBeanFactory.doResolveDependency(DefaultListableBeanFactory.java:1138)
	at org.springframework.beans.factory.support.DefaultListableBeanFactory.resolveDependency(DefaultListableBeanFactory.java:1066)
	at org.springframework.beans.factory.annotation.AutowiredAnnotationBeanPostProcessor$AutowiredFieldElement.inject(AutowiredAnnotationBeanPostProcessor.java:585)
	... 19 common frames omitted
Caused by: org.springframework.beans.BeanInstantiationException: Failed to instantiate [java.net.ServerSocket]: Circular reference involving containing bean 'ddossvrApplication' - consider declaring the factory method as static for independence from its containing instance. Factory method 'ddoSsvr' threw exception; nested exception is java.net.BindException: Address already in use: JVM_Bind
	at org.springframework.beans.factory.support.SimpleInstantiationStrategy.instantiate(SimpleInstantiationStrategy.java:189)
	at org.springframework.beans.factory.support.ConstructorResolver.instantiateUsingFactoryMethod(ConstructorResolver.java:588)
	... 31 common frames omitted
Caused by: java.net.BindException: Address already in use: JVM_Bind
	at java.net.DualStackPlainSocketImpl.bind0(Native Method)
	at java.net.DualStackPlainSocketImpl.socketBind(DualStackPlainSocketImpl.java:106)
	at java.net.AbstractPlainSocketImpl.bind(AbstractPlainSocketImpl.java:387)
	at java.net.PlainSocketImpl.bind(PlainSocketImpl.java:190)
	at java.net.ServerSocket.bind(ServerSocket.java:375)
	at java.net.ServerSocket.<init>(ServerSocket.java:237)
	at java.net.ServerSocket.<init>(ServerSocket.java:128)
	at com.ec.ddossvr.DdossvrApplication.ddoSsvr(DdossvrApplication.java:68)
	at com.ec.ddossvr.DdossvrApplication$$EnhancerBySpringCGLIB$$ab644111.CGLIB$ddoSsvr$0(<generated>)
	at com.ec.ddossvr.DdossvrApplication$$EnhancerBySpringCGLIB$$ab644111$$FastClassBySpringCGLIB$$8ac3824a.invoke(<generated>)
	at org.springframework.cglib.proxy.MethodProxy.invokeSuper(MethodProxy.java:228)
	at org.springframework.context.annotation.ConfigurationClassEnhancer$BeanMethodInterceptor.intercept(ConfigurationClassEnhancer.java:358)
	at com.ec.ddossvr.DdossvrApplication$$EnhancerBySpringCGLIB$$ab644111.ddoSsvr(<generated>)
	at sun.reflect.NativeMethodAccessorImpl.invoke0(Native Method)
	at sun.reflect.NativeMethodAccessorImpl.invoke(NativeMethodAccessorImpl.java:62)
	at sun.reflect.DelegatingMethodAccessorImpl.invoke(DelegatingMethodAccessorImpl.java:43)
	at java.lang.reflect.Method.invoke(Method.java:498)
	at org.springframework.beans.factory.support.SimpleInstantiationStrategy.instantiate(SimpleInstantiationStrategy.java:162)
	... 32 common frames omitted
2018-01-11 17:15:24.815 [main] INFO  com.ec.ddossvr.DdossvrApplication:	Starting DdossvrApplication on winall-PC with PID 1856 (D:\MyPT\ecsharp\ddossvr\target\classes started by winall in D:\MyPT\ecsharp\ddossvr)
2018-01-11 17:15:24.817 [main] INFO  com.ec.ddossvr.DdossvrApplication:	No active profile set, falling back to default profiles: default
2018-01-11 17:15:24.851 [main] INFO  o.s.b.c.e.AnnotationConfigEmbeddedWebApplicationContext:	Refreshing org.springframework.boot.context.embedded.AnnotationConfigEmbeddedWebApplicationContext@1fa121e2: startup date [Thu Jan 11 17:15:24 CST 2018]; root of context hierarchy
2018-01-11 17:15:24.997 [background-preinit] INFO  org.hibernate.validator.internal.util.Version:	HV000001: Hibernate Validator 5.3.6.Final
2018-01-11 17:15:25.986 [main] INFO  o.s.b.c.e.tomcat.TomcatEmbeddedServletContainer:	Tomcat initialized with port(s): 555 (http)
2018-01-11 17:15:25.999 [main] INFO  org.apache.catalina.core.StandardService:	Starting service [Tomcat]
2018-01-11 17:15:26.000 [main] INFO  org.apache.catalina.core.StandardEngine:	Starting Servlet Engine: Apache Tomcat/8.5.23
2018-01-11 17:15:26.076 [localhost-startStop-1] INFO  o.a.c.c.C.[Tomcat].[localhost].[/ddossvr]:	Initializing Spring embedded WebApplicationContext
2018-01-11 17:15:26.077 [localhost-startStop-1] INFO  org.springframework.web.context.ContextLoader:	Root WebApplicationContext: initialization completed in 1226 ms
2018-01-11 17:15:26.238 [localhost-startStop-1] INFO  o.s.boot.web.servlet.ServletRegistrationBean:	Mapping servlet: 'dispatcherServlet' to [/]
2018-01-11 17:15:26.241 [localhost-startStop-1] INFO  o.s.boot.web.servlet.FilterRegistrationBean:	Mapping filter: 'metricsFilter' to: [/*]
2018-01-11 17:15:26.241 [localhost-startStop-1] INFO  o.s.boot.web.servlet.FilterRegistrationBean:	Mapping filter: 'characterEncodingFilter' to: [/*]
2018-01-11 17:15:26.241 [localhost-startStop-1] INFO  o.s.boot.web.servlet.FilterRegistrationBean:	Mapping filter: 'webRequestLoggingFilter' to: [/*]
2018-01-11 17:15:26.241 [localhost-startStop-1] INFO  o.s.boot.web.servlet.FilterRegistrationBean:	Mapping filter: 'applicationContextIdFilter' to: [/*]
2018-01-11 17:15:26.278 [main] INFO  com.ec.common.service.QueueService:	Initializing ExecutorService:cli-queue
2018-01-11 17:15:26.278 [main] INFO  com.ec.common.service.QueueService:	Initializing Thread:cli-queue-1,Priority:10
2018-01-11 17:27:27.714 [main] INFO  com.ec.ddossvr.DdossvrApplication:	Starting DdossvrApplication on winall-PC with PID 5976 (D:\MyPT\ecsharp\ddossvr\target\classes started by winall in D:\MyPT\ecsharp\ddossvr)
2018-01-11 17:27:27.716 [main] INFO  com.ec.ddossvr.DdossvrApplication:	No active profile set, falling back to default profiles: default
2018-01-11 17:27:27.751 [main] INFO  o.s.b.c.e.AnnotationConfigEmbeddedWebApplicationContext:	Refreshing org.springframework.boot.context.embedded.AnnotationConfigEmbeddedWebApplicationContext@1fa121e2: startup date [Thu Jan 11 17:27:27 CST 2018]; root of context hierarchy
2018-01-11 17:27:27.872 [background-preinit] INFO  org.hibernate.validator.internal.util.Version:	HV000001: Hibernate Validator 5.3.6.Final
2018-01-11 17:27:28.896 [main] INFO  o.s.b.c.e.tomcat.TomcatEmbeddedServletContainer:	Tomcat initialized with port(s): 555 (http)
2018-01-11 17:27:28.907 [main] INFO  org.apache.catalina.core.StandardService:	Starting service [Tomcat]
2018-01-11 17:27:28.908 [main] INFO  org.apache.catalina.core.StandardEngine:	Starting Servlet Engine: Apache Tomcat/8.5.23
2018-01-11 17:27:28.985 [localhost-startStop-1] INFO  o.a.c.c.C.[Tomcat].[localhost].[/ddossvr]:	Initializing Spring embedded WebApplicationContext
2018-01-11 17:27:28.986 [localhost-startStop-1] INFO  org.springframework.web.context.ContextLoader:	Root WebApplicationContext: initialization completed in 1236 ms
2018-01-11 17:27:29.147 [localhost-startStop-1] INFO  o.s.boot.web.servlet.ServletRegistrationBean:	Mapping servlet: 'dispatcherServlet' to [/]
2018-01-11 17:27:29.151 [localhost-startStop-1] INFO  o.s.boot.web.servlet.FilterRegistrationBean:	Mapping filter: 'metricsFilter' to: [/*]
2018-01-11 17:27:29.151 [localhost-startStop-1] INFO  o.s.boot.web.servlet.FilterRegistrationBean:	Mapping filter: 'characterEncodingFilter' to: [/*]
2018-01-11 17:27:29.151 [localhost-startStop-1] INFO  o.s.boot.web.servlet.FilterRegistrationBean:	Mapping filter: 'webRequestLoggingFilter' to: [/*]
2018-01-11 17:27:29.152 [localhost-startStop-1] INFO  o.s.boot.web.servlet.FilterRegistrationBean:	Mapping filter: 'applicationContextIdFilter' to: [/*]
2018-01-11 17:27:29.187 [main] INFO  com.ec.common.service.QueueService:	Initializing ExecutorService:cli-queue
2018-01-11 17:27:29.187 [main] INFO  com.ec.common.service.QueueService:	Initializing Thread:cli-queue-1,Priority:10
2018-01-11 17:31:13.709 [main] INFO  com.ec.ddossvr.DdossvrApplication:	Starting DdossvrApplication on winall-PC with PID 5224 (D:\MyPT\ecsharp\ddossvr\target\classes started by winall in D:\MyPT\ecsharp\ddossvr)
2018-01-11 17:31:13.711 [main] INFO  com.ec.ddossvr.DdossvrApplication:	No active profile set, falling back to default profiles: default
2018-01-11 17:31:13.789 [main] INFO  o.s.b.c.e.AnnotationConfigEmbeddedWebApplicationContext:	Refreshing org.springframework.boot.context.embedded.AnnotationConfigEmbeddedWebApplicationContext@1fa121e2: startup date [Thu Jan 11 17:31:13 CST 2018]; root of context hierarchy
2018-01-11 17:31:13.849 [background-preinit] INFO  org.hibernate.validator.internal.util.Version:	HV000001: Hibernate Validator 5.3.6.Final
2018-01-11 17:31:14.892 [main] INFO  o.s.b.c.e.tomcat.TomcatEmbeddedServletContainer:	Tomcat initialized with port(s): 555 (http)
2018-01-11 17:31:14.904 [main] INFO  org.apache.catalina.core.StandardService:	Starting service [Tomcat]
2018-01-11 17:31:14.905 [main] INFO  org.apache.catalina.core.StandardEngine:	Starting Servlet Engine: Apache Tomcat/8.5.23
2018-01-11 17:31:14.988 [localhost-startStop-1] INFO  o.a.c.c.C.[Tomcat].[localhost].[/ddossvr]:	Initializing Spring embedded WebApplicationContext
2018-01-11 17:31:14.989 [localhost-startStop-1] INFO  org.springframework.web.context.ContextLoader:	Root WebApplicationContext: initialization completed in 1199 ms
2018-01-11 17:31:15.155 [localhost-startStop-1] INFO  o.s.boot.web.servlet.ServletRegistrationBean:	Mapping servlet: 'dispatcherServlet' to [/]
2018-01-11 17:31:15.159 [localhost-startStop-1] INFO  o.s.boot.web.servlet.FilterRegistrationBean:	Mapping filter: 'metricsFilter' to: [/*]
2018-01-11 17:31:15.159 [localhost-startStop-1] INFO  o.s.boot.web.servlet.FilterRegistrationBean:	Mapping filter: 'characterEncodingFilter' to: [/*]
2018-01-11 17:31:15.159 [localhost-startStop-1] INFO  o.s.boot.web.servlet.FilterRegistrationBean:	Mapping filter: 'webRequestLoggingFilter' to: [/*]
2018-01-11 17:31:15.159 [localhost-startStop-1] INFO  o.s.boot.web.servlet.FilterRegistrationBean:	Mapping filter: 'applicationContextIdFilter' to: [/*]
2018-01-11 17:31:15.194 [main] INFO  com.ec.common.service.QueueService:	Initializing ExecutorService:cli-queue
2018-01-11 17:31:15.194 [main] INFO  com.ec.common.service.QueueService:	Initializing Thread:cli-queue-1,Priority:10
